<?xml version="1.0" encoding="UTF-8"?>
<testsuite xmlns:xsi="http://www.w3.org/2001/XMLSchema-instance" xsi:noNamespaceSchemaLocation="https://maven.apache.org/surefire/maven-surefire-plugin/xsd/surefire-test-report.xsd" name="com.test.automation.api.TestRunner" time="0.081" tests="1" errors="1" skipped="0" failures="0">
  <properties>
    <property name="java.specification.version" value="19"/>
    <property name="sun.jnu.encoding" value="UTF-8"/>
    <property name="java.class.path" value="/Users/jennel.celiz/gitrepos/capg/API/TestAutomationAPI/target/test-classes:/Users/jennel.celiz/gitrepos/capg/API/TestAutomationAPI/target/classes:/Users/jennel.celiz/.m2/repository/org/yaml/snakeyaml/1.24/snakeyaml-1.24.jar:/Users/jennel.celiz/.m2/repository/io/cucumber/cucumber-spring/4.3.0/cucumber-spring-4.3.0.jar:/Users/jennel.celiz/.m2/repository/io/cucumber/cucumber-java/7.12.0/cucumber-java-7.12.0.jar:/Users/jennel.celiz/.m2/repository/io/cucumber/cucumber-core/7.12.0/cucumber-core-7.12.0.jar:/Users/jennel.celiz/.m2/repository/io/cucumber/cucumber-gherkin/7.12.0/cucumber-gherkin-7.12.0.jar:/Users/jennel.celiz/.m2/repository/io/cucumber/cucumber-gherkin-messages/7.12.0/cucumber-gherkin-messages-7.12.0.jar:/Users/jennel.celiz/.m2/repository/io/cucumber/messages/22.0.0/messages-22.0.0.jar:/Users/jennel.celiz/.m2/repository/io/cucumber/tag-expressions/5.0.1/tag-expressions-5.0.1.jar:/Users/jennel.celiz/.m2/repository/io/cucumber/cucumber-expressions/16.1.2/cucumber-expressions-16.1.2.jar:/Users/jennel.celiz/.m2/repository/io/cucumber/datatable/7.12.0/datatable-7.12.0.jar:/Users/jennel.celiz/.m2/repository/io/cucumber/cucumber-plugin/7.12.0/cucumber-plugin-7.12.0.jar:/Users/jennel.celiz/.m2/repository/io/cucumber/docstring/7.12.0/docstring-7.12.0.jar:/Users/jennel.celiz/.m2/repository/io/cucumber/html-formatter/20.3.0/html-formatter-20.3.0.jar:/Users/jennel.celiz/.m2/repository/io/cucumber/junit-xml-formatter/0.2.0/junit-xml-formatter-0.2.0.jar:/Users/jennel.celiz/.m2/repository/io/cucumber/ci-environment/9.2.0/ci-environment-9.2.0.jar:/Users/jennel.celiz/.m2/repository/org/apiguardian/apiguardian-api/1.1.2/apiguardian-api-1.1.2.jar:/Users/jennel.celiz/.m2/repository/io/cucumber/cucumber-junit/7.12.0/cucumber-junit-7.12.0.jar:/Users/jennel.celiz/.m2/repository/junit/junit/4.13.2/junit-4.13.2.jar:/Users/jennel.celiz/.m2/repository/org/hamcrest/hamcrest-library/1.3/hamcrest-library-1.3.jar:/Users/jennel.celiz/.m2/repository/org/hamcrest/hamcrest-core/1.3/hamcrest-core-1.3.jar:/Users/jennel.celiz/.m2/repository/io/qameta/allure/allure-junit4/2.10.0/allure-junit4-2.10.0.jar:/Users/jennel.celiz/.m2/repository/io/qameta/allure/allure-java-commons/2.10.0/allure-java-commons-2.10.0.jar:/Users/jennel.celiz/.m2/repository/io/qameta/allure/allure-model/2.10.0/allure-model-2.10.0.jar:/Users/jennel.celiz/.m2/repository/com/fasterxml/jackson/core/jackson-databind/2.9.8/jackson-databind-2.9.8.jar:/Users/jennel.celiz/.m2/repository/com/fasterxml/jackson/core/jackson-annotations/2.9.0/jackson-annotations-2.9.0.jar:/Users/jennel.celiz/.m2/repository/com/fasterxml/jackson/core/jackson-core/2.9.8/jackson-core-2.9.8.jar:/Users/jennel.celiz/.m2/repository/org/apache/tika/tika-core/1.20/tika-core-1.20.jar:/Users/jennel.celiz/.m2/repository/org/jooq/joor-java-8/0.9.10/joor-java-8-0.9.10.jar:/Users/jennel.celiz/.m2/repository/org/aspectj/aspectjweaver/1.8.10/aspectjweaver-1.8.10.jar:/Users/jennel.celiz/.m2/repository/io/qameta/allure/allure-cucumber4-jvm/2.10.0/allure-cucumber4-jvm-2.10.0.jar:/Users/jennel.celiz/.m2/repository/org/springframework/spring-context/5.1.6.RELEASE/spring-context-5.1.6.RELEASE.jar:/Users/jennel.celiz/.m2/repository/org/springframework/spring-aop/5.1.6.RELEASE/spring-aop-5.1.6.RELEASE.jar:/Users/jennel.celiz/.m2/repository/org/springframework/spring-beans/5.1.6.RELEASE/spring-beans-5.1.6.RELEASE.jar:/Users/jennel.celiz/.m2/repository/org/springframework/spring-core/5.1.6.RELEASE/spring-core-5.1.6.RELEASE.jar:/Users/jennel.celiz/.m2/repository/org/springframework/spring-jcl/5.1.6.RELEASE/spring-jcl-5.1.6.RELEASE.jar:/Users/jennel.celiz/.m2/repository/org/springframework/spring-expression/5.1.6.RELEASE/spring-expression-5.1.6.RELEASE.jar:/Users/jennel.celiz/.m2/repository/org/springframework/spring-test/5.1.6.RELEASE/spring-test-5.1.6.RELEASE.jar:/Users/jennel.celiz/.m2/repository/org/springframework/spring-web/5.1.6.RELEASE/spring-web-5.1.6.RELEASE.jar:/Users/jennel.celiz/.m2/repository/org/springframework/spring-tx/5.1.6.RELEASE/spring-tx-5.1.6.RELEASE.jar:/Users/jennel.celiz/.m2/repository/org/springframework/boot/spring-boot-starter-test/2.1.4.RELEASE/spring-boot-starter-test-2.1.4.RELEASE.jar:/Users/jennel.celiz/.m2/repository/org/springframework/boot/spring-boot-starter/2.1.4.RELEASE/spring-boot-starter-2.1.4.RELEASE.jar:/Users/jennel.celiz/.m2/repository/org/springframework/boot/spring-boot/2.1.4.RELEASE/spring-boot-2.1.4.RELEASE.jar:/Users/jennel.celiz/.m2/repository/org/springframework/boot/spring-boot-autoconfigure/2.1.4.RELEASE/spring-boot-autoconfigure-2.1.4.RELEASE.jar:/Users/jennel.celiz/.m2/repository/org/springframework/boot/spring-boot-starter-logging/2.1.4.RELEASE/spring-boot-starter-logging-2.1.4.RELEASE.jar:/Users/jennel.celiz/.m2/repository/ch/qos/logback/logback-classic/1.2.3/logback-classic-1.2.3.jar:/Users/jennel.celiz/.m2/repository/ch/qos/logback/logback-core/1.2.3/logback-core-1.2.3.jar:/Users/jennel.celiz/.m2/repository/org/apache/logging/log4j/log4j-to-slf4j/2.11.2/log4j-to-slf4j-2.11.2.jar:/Users/jennel.celiz/.m2/repository/org/apache/logging/log4j/log4j-api/2.11.2/log4j-api-2.11.2.jar:/Users/jennel.celiz/.m2/repository/org/slf4j/jul-to-slf4j/1.7.26/jul-to-slf4j-1.7.26.jar:/Users/jennel.celiz/.m2/repository/javax/annotation/javax.annotation-api/1.3.2/javax.annotation-api-1.3.2.jar:/Users/jennel.celiz/.m2/repository/org/springframework/boot/spring-boot-test/2.1.4.RELEASE/spring-boot-test-2.1.4.RELEASE.jar:/Users/jennel.celiz/.m2/repository/org/springframework/boot/spring-boot-test-autoconfigure/2.1.4.RELEASE/spring-boot-test-autoconfigure-2.1.4.RELEASE.jar:/Users/jennel.celiz/.m2/repository/com/jayway/jsonpath/json-path/2.4.0/json-path-2.4.0.jar:/Users/jennel.celiz/.m2/repository/net/minidev/json-smart/2.3/json-smart-2.3.jar:/Users/jennel.celiz/.m2/repository/net/minidev/accessors-smart/1.2/accessors-smart-1.2.jar:/Users/jennel.celiz/.m2/repository/org/ow2/asm/asm/5.0.4/asm-5.0.4.jar:/Users/jennel.celiz/.m2/repository/org/assertj/assertj-core/3.11.1/assertj-core-3.11.1.jar:/Users/jennel.celiz/.m2/repository/org/mockito/mockito-core/2.23.4/mockito-core-2.23.4.jar:/Users/jennel.celiz/.m2/repository/net/bytebuddy/byte-buddy/1.9.3/byte-buddy-1.9.3.jar:/Users/jennel.celiz/.m2/repository/net/bytebuddy/byte-buddy-agent/1.9.3/byte-buddy-agent-1.9.3.jar:/Users/jennel.celiz/.m2/repository/org/objenesis/objenesis/2.6/objenesis-2.6.jar:/Users/jennel.celiz/.m2/repository/org/skyscreamer/jsonassert/1.5.0/jsonassert-1.5.0.jar:/Users/jennel.celiz/.m2/repository/com/vaadin/external/google/android-json/0.0.20131108.vaadin1/android-json-0.0.20131108.vaadin1.jar:/Users/jennel.celiz/.m2/repository/org/xmlunit/xmlunit-core/2.6.2/xmlunit-core-2.6.2.jar:/Users/jennel.celiz/.m2/repository/javax/xml/bind/jaxb-api/2.3.0/jaxb-api-2.3.0.jar:/Users/jennel.celiz/.m2/repository/org/springframework/spring-jdbc/5.1.6.RELEASE/spring-jdbc-5.1.6.RELEASE.jar:/Users/jennel.celiz/.m2/repository/com/google/code/gson/gson/2.8.5/gson-2.8.5.jar:/Users/jennel.celiz/.m2/repository/org/apache/httpcomponents/httpclient/4.5.8/httpclient-4.5.8.jar:/Users/jennel.celiz/.m2/repository/org/apache/httpcomponents/httpcore/4.4.11/httpcore-4.4.11.jar:/Users/jennel.celiz/.m2/repository/commons-logging/commons-logging/1.2/commons-logging-1.2.jar:/Users/jennel.celiz/.m2/repository/commons-codec/commons-codec/1.11/commons-codec-1.11.jar:/Users/jennel.celiz/.m2/repository/commons-io/commons-io/2.6/commons-io-2.6.jar:/Users/jennel.celiz/.m2/repository/com/github/vebqa/tn5250j/0.7.6.1/tn5250j-0.7.6.1.jar:/Users/jennel.celiz/.m2/repository/org/slf4j/slf4j-api/1.7.25/slf4j-api-1.7.25.jar:/Users/jennel.celiz/.m2/repository/log4j/log4j/1.2.17/log4j-1.2.17.jar:/Users/jennel.celiz/.m2/repository/javax/activation/activation/1.1.1/activation-1.1.1.jar:/Users/jennel.celiz/.m2/repository/com/sun/mail/javax.mail/1.6.1/javax.mail-1.6.1.jar:/Users/jennel.celiz/.m2/repository/com/lowagie/itext/2.1.7/itext-2.1.7.jar:/Users/jennel.celiz/.m2/repository/bouncycastle/bcmail-jdk14/138/bcmail-jdk14-138.jar:/Users/jennel.celiz/.m2/repository/bouncycastle/bcprov-jdk14/138/bcprov-jdk14-138.jar:/Users/jennel.celiz/.m2/repository/org/bouncycastle/bctsp-jdk14/1.38/bctsp-jdk14-1.38.jar:/Users/jennel.celiz/.m2/repository/org/bouncycastle/bcprov-jdk14/1.38/bcprov-jdk14-1.38.jar:/Users/jennel.celiz/.m2/repository/org/bouncycastle/bcmail-jdk14/1.38/bcmail-jdk14-1.38.jar:/Users/jennel.celiz/.m2/repository/org/python/jython/2.7.0/jython-2.7.0.jar:/Users/jennel.celiz/.m2/repository/net/sf/jt400/jt400/9.4/jt400-9.4.jar:/Users/jennel.celiz/.m2/repository/de/monochromata/cucumber/reporting-plugin/3.0.9/reporting-plugin-3.0.9.jar:/Users/jennel.celiz/.m2/repository/io/cucumber/gherkin/5.1.0/gherkin-5.1.0.jar:/Users/jennel.celiz/.m2/repository/io/cucumber/gherkin-jvm-deps/1.0.4/gherkin-jvm-deps-1.0.4.jar:/Users/jennel.celiz/.m2/repository/net/masterthought/cucumber-reporting/4.11.2/cucumber-reporting-4.11.2.jar:/Users/jennel.celiz/.m2/repository/org/apache/velocity/velocity/1.7/velocity-1.7.jar:/Users/jennel.celiz/.m2/repository/commons-lang/commons-lang/2.4/commons-lang-2.4.jar:/Users/jennel.celiz/.m2/repository/commons-collections/commons-collections/3.2.2/commons-collections-3.2.2.jar:/Users/jennel.celiz/.m2/repository/velocity-tools/velocity-tools/1.4/velocity-tools-1.4.jar:/Users/jennel.celiz/.m2/repository/joda-time/joda-time/2.10.2/joda-time-2.10.2.jar:/Users/jennel.celiz/.m2/repository/org/apache/commons/commons-lang3/3.9/commons-lang3-3.9.jar:/Users/jennel.celiz/.m2/repository/org/codehaus/plexus/plexus-utils/3.2.0/plexus-utils-3.2.0.jar:/Users/jennel.celiz/.m2/repository/org/jsoup/jsoup/1.12.1/jsoup-1.12.1.jar:/Users/jennel.celiz/.m2/repository/com/googlecode/owasp-java-html-sanitizer/owasp-java-html-sanitizer/20190610.1/owasp-java-html-sanitizer-20190610.1.jar:/Users/jennel.celiz/.m2/repository/com/google/guava/guava/27.1-jre/guava-27.1-jre.jar:/Users/jennel.celiz/.m2/repository/com/google/guava/failureaccess/1.0.1/failureaccess-1.0.1.jar:/Users/jennel.celiz/.m2/repository/com/google/guava/listenablefuture/9999.0-empty-to-avoid-conflict-with-guava/listenablefuture-9999.0-empty-to-avoid-conflict-with-guava.jar:/Users/jennel.celiz/.m2/repository/com/google/code/findbugs/jsr305/3.0.2/jsr305-3.0.2.jar:/Users/jennel.celiz/.m2/repository/org/checkerframework/checker-qual/2.5.2/checker-qual-2.5.2.jar:/Users/jennel.celiz/.m2/repository/com/google/errorprone/error_prone_annotations/2.2.0/error_prone_annotations-2.2.0.jar:/Users/jennel.celiz/.m2/repository/com/google/j2objc/j2objc-annotations/1.1/j2objc-annotations-1.1.jar:/Users/jennel.celiz/.m2/repository/org/codehaus/mojo/animal-sniffer-annotations/1.17/animal-sniffer-annotations-1.17.jar:/Users/jennel.celiz/.m2/repository/commons-configuration/commons-configuration/1.10/commons-configuration-1.10.jar:"/>
    <property name="java.vm.vendor" value="Homebrew"/>
    <property name="sun.arch.data.model" value="64"/>
    <property name="java.vendor.url" value="https://github.com/Homebrew/homebrew-core/issues"/>
    <property name="os.name" value="Mac OS X"/>
    <property name="java.vm.specification.version" value="19"/>
    <property name="sun.java.launcher" value="SUN_STANDARD"/>
    <property name="user.country" value="PH"/>
    <property name="sun.boot.library.path" value="/opt/homebrew/Cellar/openjdk/19/libexec/openjdk.jdk/Contents/Home/lib"/>
    <property name="sun.java.command" value="/Users/jennel.celiz/gitrepos/capg/API/TestAutomationAPI/target/surefire/surefirebooter1880994718850832962.jar /Users/jennel.celiz/gitrepos/capg/API/TestAutomationAPI/target/surefire 2023-05-06T14-07-34_110-jvmRun1 surefire4593172837437776569tmp surefire_010631220227512180971tmp"/>
    <property name="jdk.debug" value="release"/>
    <property name="surefire.test.class.path" value="/Users/jennel.celiz/gitrepos/capg/API/TestAutomationAPI/target/test-classes:/Users/jennel.celiz/gitrepos/capg/API/TestAutomationAPI/target/classes:/Users/jennel.celiz/.m2/repository/org/yaml/snakeyaml/1.24/snakeyaml-1.24.jar:/Users/jennel.celiz/.m2/repository/io/cucumber/cucumber-spring/4.3.0/cucumber-spring-4.3.0.jar:/Users/jennel.celiz/.m2/repository/io/cucumber/cucumber-java/7.12.0/cucumber-java-7.12.0.jar:/Users/jennel.celiz/.m2/repository/io/cucumber/cucumber-core/7.12.0/cucumber-core-7.12.0.jar:/Users/jennel.celiz/.m2/repository/io/cucumber/cucumber-gherkin/7.12.0/cucumber-gherkin-7.12.0.jar:/Users/jennel.celiz/.m2/repository/io/cucumber/cucumber-gherkin-messages/7.12.0/cucumber-gherkin-messages-7.12.0.jar:/Users/jennel.celiz/.m2/repository/io/cucumber/messages/22.0.0/messages-22.0.0.jar:/Users/jennel.celiz/.m2/repository/io/cucumber/tag-expressions/5.0.1/tag-expressions-5.0.1.jar:/Users/jennel.celiz/.m2/repository/io/cucumber/cucumber-expressions/16.1.2/cucumber-expressions-16.1.2.jar:/Users/jennel.celiz/.m2/repository/io/cucumber/datatable/7.12.0/datatable-7.12.0.jar:/Users/jennel.celiz/.m2/repository/io/cucumber/cucumber-plugin/7.12.0/cucumber-plugin-7.12.0.jar:/Users/jennel.celiz/.m2/repository/io/cucumber/docstring/7.12.0/docstring-7.12.0.jar:/Users/jennel.celiz/.m2/repository/io/cucumber/html-formatter/20.3.0/html-formatter-20.3.0.jar:/Users/jennel.celiz/.m2/repository/io/cucumber/junit-xml-formatter/0.2.0/junit-xml-formatter-0.2.0.jar:/Users/jennel.celiz/.m2/repository/io/cucumber/ci-environment/9.2.0/ci-environment-9.2.0.jar:/Users/jennel.celiz/.m2/repository/org/apiguardian/apiguardian-api/1.1.2/apiguardian-api-1.1.2.jar:/Users/jennel.celiz/.m2/repository/io/cucumber/cucumber-junit/7.12.0/cucumber-junit-7.12.0.jar:/Users/jennel.celiz/.m2/repository/junit/junit/4.13.2/junit-4.13.2.jar:/Users/jennel.celiz/.m2/repository/org/hamcrest/hamcrest-library/1.3/hamcrest-library-1.3.jar:/Users/jennel.celiz/.m2/repository/org/hamcrest/hamcrest-core/1.3/hamcrest-core-1.3.jar:/Users/jennel.celiz/.m2/repository/io/qameta/allure/allure-junit4/2.10.0/allure-junit4-2.10.0.jar:/Users/jennel.celiz/.m2/repository/io/qameta/allure/allure-java-commons/2.10.0/allure-java-commons-2.10.0.jar:/Users/jennel.celiz/.m2/repository/io/qameta/allure/allure-model/2.10.0/allure-model-2.10.0.jar:/Users/jennel.celiz/.m2/repository/com/fasterxml/jackson/core/jackson-databind/2.9.8/jackson-databind-2.9.8.jar:/Users/jennel.celiz/.m2/repository/com/fasterxml/jackson/core/jackson-annotations/2.9.0/jackson-annotations-2.9.0.jar:/Users/jennel.celiz/.m2/repository/com/fasterxml/jackson/core/jackson-core/2.9.8/jackson-core-2.9.8.jar:/Users/jennel.celiz/.m2/repository/org/apache/tika/tika-core/1.20/tika-core-1.20.jar:/Users/jennel.celiz/.m2/repository/org/jooq/joor-java-8/0.9.10/joor-java-8-0.9.10.jar:/Users/jennel.celiz/.m2/repository/org/aspectj/aspectjweaver/1.8.10/aspectjweaver-1.8.10.jar:/Users/jennel.celiz/.m2/repository/io/qameta/allure/allure-cucumber4-jvm/2.10.0/allure-cucumber4-jvm-2.10.0.jar:/Users/jennel.celiz/.m2/repository/org/springframework/spring-context/5.1.6.RELEASE/spring-context-5.1.6.RELEASE.jar:/Users/jennel.celiz/.m2/repository/org/springframework/spring-aop/5.1.6.RELEASE/spring-aop-5.1.6.RELEASE.jar:/Users/jennel.celiz/.m2/repository/org/springframework/spring-beans/5.1.6.RELEASE/spring-beans-5.1.6.RELEASE.jar:/Users/jennel.celiz/.m2/repository/org/springframework/spring-core/5.1.6.RELEASE/spring-core-5.1.6.RELEASE.jar:/Users/jennel.celiz/.m2/repository/org/springframework/spring-jcl/5.1.6.RELEASE/spring-jcl-5.1.6.RELEASE.jar:/Users/jennel.celiz/.m2/repository/org/springframework/spring-expression/5.1.6.RELEASE/spring-expression-5.1.6.RELEASE.jar:/Users/jennel.celiz/.m2/repository/org/springframework/spring-test/5.1.6.RELEASE/spring-test-5.1.6.RELEASE.jar:/Users/jennel.celiz/.m2/repository/org/springframework/spring-web/5.1.6.RELEASE/spring-web-5.1.6.RELEASE.jar:/Users/jennel.celiz/.m2/repository/org/springframework/spring-tx/5.1.6.RELEASE/spring-tx-5.1.6.RELEASE.jar:/Users/jennel.celiz/.m2/repository/org/springframework/boot/spring-boot-starter-test/2.1.4.RELEASE/spring-boot-starter-test-2.1.4.RELEASE.jar:/Users/jennel.celiz/.m2/repository/org/springframework/boot/spring-boot-starter/2.1.4.RELEASE/spring-boot-starter-2.1.4.RELEASE.jar:/Users/jennel.celiz/.m2/repository/org/springframework/boot/spring-boot/2.1.4.RELEASE/spring-boot-2.1.4.RELEASE.jar:/Users/jennel.celiz/.m2/repository/org/springframework/boot/spring-boot-autoconfigure/2.1.4.RELEASE/spring-boot-autoconfigure-2.1.4.RELEASE.jar:/Users/jennel.celiz/.m2/repository/org/springframework/boot/spring-boot-starter-logging/2.1.4.RELEASE/spring-boot-starter-logging-2.1.4.RELEASE.jar:/Users/jennel.celiz/.m2/repository/ch/qos/logback/logback-classic/1.2.3/logback-classic-1.2.3.jar:/Users/jennel.celiz/.m2/repository/ch/qos/logback/logback-core/1.2.3/logback-core-1.2.3.jar:/Users/jennel.celiz/.m2/repository/org/apache/logging/log4j/log4j-to-slf4j/2.11.2/log4j-to-slf4j-2.11.2.jar:/Users/jennel.celiz/.m2/repository/org/apache/logging/log4j/log4j-api/2.11.2/log4j-api-2.11.2.jar:/Users/jennel.celiz/.m2/repository/org/slf4j/jul-to-slf4j/1.7.26/jul-to-slf4j-1.7.26.jar:/Users/jennel.celiz/.m2/repository/javax/annotation/javax.annotation-api/1.3.2/javax.annotation-api-1.3.2.jar:/Users/jennel.celiz/.m2/repository/org/springframework/boot/spring-boot-test/2.1.4.RELEASE/spring-boot-test-2.1.4.RELEASE.jar:/Users/jennel.celiz/.m2/repository/org/springframework/boot/spring-boot-test-autoconfigure/2.1.4.RELEASE/spring-boot-test-autoconfigure-2.1.4.RELEASE.jar:/Users/jennel.celiz/.m2/repository/com/jayway/jsonpath/json-path/2.4.0/json-path-2.4.0.jar:/Users/jennel.celiz/.m2/repository/net/minidev/json-smart/2.3/json-smart-2.3.jar:/Users/jennel.celiz/.m2/repository/net/minidev/accessors-smart/1.2/accessors-smart-1.2.jar:/Users/jennel.celiz/.m2/repository/org/ow2/asm/asm/5.0.4/asm-5.0.4.jar:/Users/jennel.celiz/.m2/repository/org/assertj/assertj-core/3.11.1/assertj-core-3.11.1.jar:/Users/jennel.celiz/.m2/repository/org/mockito/mockito-core/2.23.4/mockito-core-2.23.4.jar:/Users/jennel.celiz/.m2/repository/net/bytebuddy/byte-buddy/1.9.3/byte-buddy-1.9.3.jar:/Users/jennel.celiz/.m2/repository/net/bytebuddy/byte-buddy-agent/1.9.3/byte-buddy-agent-1.9.3.jar:/Users/jennel.celiz/.m2/repository/org/objenesis/objenesis/2.6/objenesis-2.6.jar:/Users/jennel.celiz/.m2/repository/org/skyscreamer/jsonassert/1.5.0/jsonassert-1.5.0.jar:/Users/jennel.celiz/.m2/repository/com/vaadin/external/google/android-json/0.0.20131108.vaadin1/android-json-0.0.20131108.vaadin1.jar:/Users/jennel.celiz/.m2/repository/org/xmlunit/xmlunit-core/2.6.2/xmlunit-core-2.6.2.jar:/Users/jennel.celiz/.m2/repository/javax/xml/bind/jaxb-api/2.3.0/jaxb-api-2.3.0.jar:/Users/jennel.celiz/.m2/repository/org/springframework/spring-jdbc/5.1.6.RELEASE/spring-jdbc-5.1.6.RELEASE.jar:/Users/jennel.celiz/.m2/repository/com/google/code/gson/gson/2.8.5/gson-2.8.5.jar:/Users/jennel.celiz/.m2/repository/org/apache/httpcomponents/httpclient/4.5.8/httpclient-4.5.8.jar:/Users/jennel.celiz/.m2/repository/org/apache/httpcomponents/httpcore/4.4.11/httpcore-4.4.11.jar:/Users/jennel.celiz/.m2/repository/commons-logging/commons-logging/1.2/commons-logging-1.2.jar:/Users/jennel.celiz/.m2/repository/commons-codec/commons-codec/1.11/commons-codec-1.11.jar:/Users/jennel.celiz/.m2/repository/commons-io/commons-io/2.6/commons-io-2.6.jar:/Users/jennel.celiz/.m2/repository/com/github/vebqa/tn5250j/0.7.6.1/tn5250j-0.7.6.1.jar:/Users/jennel.celiz/.m2/repository/org/slf4j/slf4j-api/1.7.25/slf4j-api-1.7.25.jar:/Users/jennel.celiz/.m2/repository/log4j/log4j/1.2.17/log4j-1.2.17.jar:/Users/jennel.celiz/.m2/repository/javax/activation/activation/1.1.1/activation-1.1.1.jar:/Users/jennel.celiz/.m2/repository/com/sun/mail/javax.mail/1.6.1/javax.mail-1.6.1.jar:/Users/jennel.celiz/.m2/repository/com/lowagie/itext/2.1.7/itext-2.1.7.jar:/Users/jennel.celiz/.m2/repository/bouncycastle/bcmail-jdk14/138/bcmail-jdk14-138.jar:/Users/jennel.celiz/.m2/repository/bouncycastle/bcprov-jdk14/138/bcprov-jdk14-138.jar:/Users/jennel.celiz/.m2/repository/org/bouncycastle/bctsp-jdk14/1.38/bctsp-jdk14-1.38.jar:/Users/jennel.celiz/.m2/repository/org/bouncycastle/bcprov-jdk14/1.38/bcprov-jdk14-1.38.jar:/Users/jennel.celiz/.m2/repository/org/bouncycastle/bcmail-jdk14/1.38/bcmail-jdk14-1.38.jar:/Users/jennel.celiz/.m2/repository/org/python/jython/2.7.0/jython-2.7.0.jar:/Users/jennel.celiz/.m2/repository/net/sf/jt400/jt400/9.4/jt400-9.4.jar:/Users/jennel.celiz/.m2/repository/de/monochromata/cucumber/reporting-plugin/3.0.9/reporting-plugin-3.0.9.jar:/Users/jennel.celiz/.m2/repository/io/cucumber/gherkin/5.1.0/gherkin-5.1.0.jar:/Users/jennel.celiz/.m2/repository/io/cucumber/gherkin-jvm-deps/1.0.4/gherkin-jvm-deps-1.0.4.jar:/Users/jennel.celiz/.m2/repository/net/masterthought/cucumber-reporting/4.11.2/cucumber-reporting-4.11.2.jar:/Users/jennel.celiz/.m2/repository/org/apache/velocity/velocity/1.7/velocity-1.7.jar:/Users/jennel.celiz/.m2/repository/commons-lang/commons-lang/2.4/commons-lang-2.4.jar:/Users/jennel.celiz/.m2/repository/commons-collections/commons-collections/3.2.2/commons-collections-3.2.2.jar:/Users/jennel.celiz/.m2/repository/velocity-tools/velocity-tools/1.4/velocity-tools-1.4.jar:/Users/jennel.celiz/.m2/repository/joda-time/joda-time/2.10.2/joda-time-2.10.2.jar:/Users/jennel.celiz/.m2/repository/org/apache/commons/commons-lang3/3.9/commons-lang3-3.9.jar:/Users/jennel.celiz/.m2/repository/org/codehaus/plexus/plexus-utils/3.2.0/plexus-utils-3.2.0.jar:/Users/jennel.celiz/.m2/repository/org/jsoup/jsoup/1.12.1/jsoup-1.12.1.jar:/Users/jennel.celiz/.m2/repository/com/googlecode/owasp-java-html-sanitizer/owasp-java-html-sanitizer/20190610.1/owasp-java-html-sanitizer-20190610.1.jar:/Users/jennel.celiz/.m2/repository/com/google/guava/guava/27.1-jre/guava-27.1-jre.jar:/Users/jennel.celiz/.m2/repository/com/google/guava/failureaccess/1.0.1/failureaccess-1.0.1.jar:/Users/jennel.celiz/.m2/repository/com/google/guava/listenablefuture/9999.0-empty-to-avoid-conflict-with-guava/listenablefuture-9999.0-empty-to-avoid-conflict-with-guava.jar:/Users/jennel.celiz/.m2/repository/com/google/code/findbugs/jsr305/3.0.2/jsr305-3.0.2.jar:/Users/jennel.celiz/.m2/repository/org/checkerframework/checker-qual/2.5.2/checker-qual-2.5.2.jar:/Users/jennel.celiz/.m2/repository/com/google/errorprone/error_prone_annotations/2.2.0/error_prone_annotations-2.2.0.jar:/Users/jennel.celiz/.m2/repository/com/google/j2objc/j2objc-annotations/1.1/j2objc-annotations-1.1.jar:/Users/jennel.celiz/.m2/repository/org/codehaus/mojo/animal-sniffer-annotations/1.17/animal-sniffer-annotations-1.17.jar:/Users/jennel.celiz/.m2/repository/commons-configuration/commons-configuration/1.10/commons-configuration-1.10.jar:"/>
    <property name="sun.cpu.endian" value="little"/>
    <property name="user.home" value="/Users/jennel.celiz"/>
    <property name="user.language" value="en"/>
    <property name="java.specification.vendor" value="Oracle Corporation"/>
    <property name="java.version.date" value="2022-09-20"/>
    <property name="java.home" value="/opt/homebrew/Cellar/openjdk/19/libexec/openjdk.jdk/Contents/Home"/>
    <property name="file.separator" value="/"/>
    <property name="basedir" value="/Users/jennel.celiz/gitrepos/capg/API/TestAutomationAPI"/>
    <property name="java.vm.compressedOopsMode" value="Zero based"/>
    <property name="line.separator" value="&#10;"/>
    <property name="java.specification.name" value="Java Platform API Specification"/>
    <property name="java.vm.specification.vendor" value="Oracle Corporation"/>
    <property name="apple.awt.application.name" value="ForkedBooter"/>
    <property name="surefire.real.class.path" value="/Users/jennel.celiz/gitrepos/capg/API/TestAutomationAPI/target/surefire/surefirebooter1880994718850832962.jar"/>
    <property name="sun.management.compiler" value="HotSpot 64-Bit Tiered Compilers"/>
    <property name="java.runtime.version" value="19"/>
    <property name="user.name" value="jennel.celiz"/>
    <property name="stdout.encoding" value="US-ASCII"/>
    <property name="path.separator" value=":"/>
    <property name="os.version" value="12.6"/>
    <property name="java.runtime.name" value="OpenJDK Runtime Environment"/>
    <property name="file.encoding" value="UTF-8"/>
    <property name="java.vm.name" value="OpenJDK 64-Bit Server VM"/>
    <property name="java.vendor.version" value="Homebrew"/>
    <property name="localRepository" value="/Users/jennel.celiz/.m2/repository"/>
    <property name="java.vendor.url.bug" value="https://github.com/Homebrew/homebrew-core/issues"/>
    <property name="java.io.tmpdir" value="/var/folders/t5/grgn86s547j42x5rp5w4km7n8nz1yn/T/"/>
    <property name="java.version" value="19"/>
    <property name="user.dir" value="/Users/jennel.celiz/gitrepos/capg/API/TestAutomationAPI"/>
    <property name="os.arch" value="aarch64"/>
    <property name="java.vm.specification.name" value="Java Virtual Machine Specification"/>
    <property name="native.encoding" value="US-ASCII"/>
    <property name="java.library.path" value="/Users/jennel.celiz/Library/Java/Extensions:/Library/Java/Extensions:/Network/Library/Java/Extensions:/System/Library/Java/Extensions:/usr/lib/java:."/>
    <property name="java.vm.info" value="mixed mode, sharing"/>
    <property name="stderr.encoding" value="US-ASCII"/>
    <property name="java.vendor" value="Homebrew"/>
    <property name="java.vm.version" value="19"/>
    <property name="sun.io.unicode.encoding" value="UnicodeBig"/>
    <property name="java.class.version" value="63.0"/>
  </properties>
  <testcase name="initializationError" classname="com.test.automation.api.TestRunner" time="0.003">
    <error message="io/cucumber/gherkin/GherkinParser" type="java.lang.NoClassDefFoundError">java.lang.NoClassDefFoundError: io/cucumber/gherkin/GherkinParser
Caused by: java.lang.ClassNotFoundException: io.cucumber.gherkin.GherkinParser
</error>
  </testcase>
</testsuite>